#
# A fatal error has been detected by the Java Runtime Environment:
#
#  EXCEPTION_ACCESS_VIOLATION (0xc0000005) at pc=0x000000006f0a9c3a, pid=12760, tid=0x00000000000061d4
#
# JRE version: OpenJDK Runtime Environment (8.0_152-b01) (build 1.8.0_152-release-1343-b01)
# Java VM: OpenJDK 64-Bit Server VM (25.152-b01 mixed mode windows-amd64 compressed oops)
# Problematic frame:
# V  [jvm.dll+0x3c9c3a]
#
# Failed to write core dump. Minidumps are not enabled by default on client versions of Windows
#
# If you would like to submit a bug report, please visit:
#   http://bugreport.java.com/bugreport/crash.jsp
#

---------------  T H R E A D  ---------------

Current thread (0x0000000002ed9000):  GCTaskThread [stack: 0x0000000012990000,0x0000000012a90000] [id=25044]

siginfo: ExceptionCode=0xc0000005, reading address 0xffffffffffffffff

Registers:
RAX=0x00001fffffffec04, RBX=0x00009fffffff9c14, RCX=0x000000006f4a5b20, RDX=0x0000000000200000
RSP=0x0000000012a8f220, RBP=0x000000006f4a5b20, RSI=0x0000000002d20000, RDI=0x0000000000200000
R8 =0x00000000a1fe7c30, R9 =0x0000000100001df8, R10=0x0000000d00000000, R11=0x00000000a1fe7c30
R12=0x00000000a1fe7c30, R13=0x000000000000000d, R14=0x00000000f2500000, R15=0x0000000012a8f378
RIP=0x000000006f0a9c3a, EFLAGS=0x0000000000010a02

Top of Stack: (sp=0x0000000012a8f220)
0x0000000012a8f220:   0000000000008ae0 000000006f4a5b20
0x0000000012a8f230:   0000000002d20000 00000000a1f982e0
0x0000000012a8f240:   00000000a1fe7c30 0000000100002068
0x0000000012a8f250:   00000000a1fe7c74 000000006edc46a6
0x0000000012a8f260:   0000000000008ae0 00000000a1fe7c4c
0x0000000012a8f270:   0000000100002070 0000000100001868
0x0000000012a8f280:   0000000000000a49 000000006f4a5aa0
0x0000000012a8f290:   0000000100001df8 000000006edd2cb9
0x0000000012a8f2a0:   0000000016c73f70 000000000000000d
0x0000000012a8f2b0:   00000000a1fe7c30 000000006f4a5aa0
0x0000000012a8f2c0:   000000000000000d 000000006f0aadd9
0x0000000012a8f2d0:   0000000012a8f378 000000000a4a0000
0x0000000012a8f2e0:   000000000a499fc3 000000006f0a96f5
0x0000000012a8f2f0:   000000000a4a0000 000000006f0a065d
0x0000000012a8f300:   000000000a499fb7 000000006f0abdee
0x0000000012a8f310:   0000000000000002 000000006f0aad98 

Instructions: (pc=0x000000006f0a9c3a)
0x000000006f0a9c1a:   56 57 41 54 48 83 ec 20 48 8b 71 18 48 8b c2 48
0x000000006f0a9c2a:   8b fa 48 2b 01 48 8b e9 48 c1 e8 13 48 8d 1c 80
0x000000006f0a9c3a:   44 8b 44 de 1c 8b 44 de 18 4c 8b 24 de 41 81 e0
0x000000006f0a9c4a:   ff ff ff 07 4c 03 c0 49 81 f8 00 00 01 00 75 09 


Register to memory mapping:

RAX=0x00001fffffffec04 is an unknown value
RBX=0x00009fffffff9c14 is an unknown value
RCX=0x000000006f4a5b20 is an unknown value
RDX=0x0000000000200000 is an unknown value
RSP=0x0000000012a8f220 is an unknown value
RBP=0x000000006f4a5b20 is an unknown value
RSI=0x0000000002d20000 is an unknown value
RDI=0x0000000000200000 is an unknown value
R8 =0x00000000a1fe7c30 is an oop
java.lang.Class 
 - klass: 'java/lang/Class'
R9 =0x0000000100001df8 is pointing into metadata
R10=0x0000000d00000000 is an unknown value
R11=0x00000000a1fe7c30 is an oop
java.lang.Class 
 - klass: 'java/lang/Class'
R12=0x00000000a1fe7c30 is an oop
java.lang.Class 
 - klass: 'java/lang/Class'
R13=0x000000000000000d is an unknown value
R14=0x00000000f2500000 is an oop

[error occurred during error reporting (printing register info), id 0xc0000005]

Stack: [0x0000000012990000,0x0000000012a90000],  sp=0x0000000012a8f220,  free space=1020k
Native frames: (J=compiled Java code, j=interpreted, Vv=VM code, C=native code)
V  [jvm.dll+0x3c9c3a]
V  [jvm.dll+0xe46a6]
V  [jvm.dll+0xf2cb9]
V  [jvm.dll+0x3cadd9]
V  [jvm.dll+0x3c065d]
V  [jvm.dll+0x3cc0b4]
V  [jvm.dll+0x3c3bba]
V  [jvm.dll+0x3c1606]
V  [jvm.dll+0x3bec9e]
V  [jvm.dll+0x26d9aa]
C  [msvcr100.dll+0x21d9f]
C  [msvcr100.dll+0x21e3b]
C  [KERNEL32.DLL+0x14034]
C  [ntdll.dll+0x73691]


---------------  P R O C E S S  ---------------

Java Threads: ( => current thread )
  0x000000001f91d800 
[error occurred during error reporting (printing all threads), id 0xc0000005]

VM state:at safepoint (normal execution)

VM Mutex/Monitor currently owned by a thread:  ([mutex/lock_event])
[0x0000000002dbdbf0] Threads_lock - owner thread: 0x0000000016d75800
[0x0000000002dbd970] Heap_lock - owner thread: 0x000000001ab4a000
[0x0000000002ec1b50] MethodData_lock - owner thread: 0x0000000018c93000

Heap:
 PSYoungGen      total 282624K, used 17407K [0x00000000e0000000, 0x00000000f3080000, 0x0000000100000000)
  eden space 265216K, 0% used [0x00000000e0000000,0x00000000e0000000,0x00000000f0300000)
  from space 17408K, 99% used [0x00000000f1880000,0x00000000f297fe78,0x00000000f2980000)
  to   space 22016K, 0% used [0x00000000f0300000,0x00000000f0300000,0x00000000f1880000)
 ParOldGen       total 325632K, used 22850K [0x00000000a0000000, 0x00000000b3e00000, 0x00000000e0000000)
  object space 325632K, 7% used [0x00000000a0000000,0x00000000a1650b70,0x00000000b3e00000)
 Metaspace       used 57619K, capacity 59086K, committed 59160K, reserved 1099776K
  class space    used 7785K, capacity 8184K, committed 8232K, reserved 1048576K

Card table byte_map: [0x0000000012380000,0x0000000012690000] byte_map_base: 0x0000000011e80000

Marking Bits: (ParMarkBitMap*) 0x000000006f4a5aa0
 Begin Bits: [0x0000000013090000, 0x0000000014890000)
 End Bits:   [0x0000000014890000, 0x0000000016090000)

Polling page: 0x00000000012c0000

CodeCache: size=245760Kb used=16883Kb max_used=16883Kb free=228876Kb
 bounds [0x0000000002fc0000, 0x0000000004050000, 0x0000000011fc0000]
 total_blobs=5722 nmethods=4930 adapters=703
 compilation: enabled

Compilation events (10 events):
Event: 9.083 Thread 0x0000000018c93000 nmethod 5293 0x00000000040426d0 code [0x0000000004042860, 0x0000000004042c88]
Event: 9.083 Thread 0x0000000018c93000 5297       3       java.util.concurrent.atomic.AtomicInteger::getAndAdd (12 bytes)
Event: 9.083 Thread 0x0000000018c93000 nmethod 5297 0x0000000004046a50 code [0x0000000004046ba0, 0x0000000004046cf0]
Event: 9.083 Thread 0x0000000018c93000 5295       3       java.lang.ThreadLocal::<init> (12 bytes)
Event: 9.083 Thread 0x0000000018c93000 nmethod 5295 0x0000000004046d50 code [0x0000000004046ec0, 0x00000000040471d0]
Event: 9.083 Thread 0x0000000018c93000 5296       3       java.lang.ThreadLocal::nextHashCode (9 bytes)
Event: 9.084 Thread 0x0000000018c93000 nmethod 5296 0x0000000004047310 code [0x0000000004047480, 0x00000000040476b0]
Event: 9.084 Thread 0x0000000018c93000 5298       1       org.gradle.internal.typeconversion.TypeInfo::getTargetType (5 bytes)
Event: 9.084 Thread 0x0000000018c93000 nmethod 5298 0x0000000004047790 code [0x00000000040478e0, 0x00000000040479f0]
Event: 9.084 Thread 0x0000000018c93000 5299       3       java.util.TreeMap$KeySet::size (10 bytes)

GC Heap History (10 events):
Event: 4.052 GC heap after
Heap after GC invocations=4 (full 1):
 PSYoungGen      total 153088K, used 13032K [0x00000000e0000000, 0x00000000eed00000, 0x0000000100000000)
  eden space 131584K, 0% used [0x00000000e0000000,0x00000000e0000000,0x00000000e8080000)
  from space 21504K, 60% used [0x00000000e8080000,0x00000000e8d3a1e8,0x00000000e9580000)
  to   space 21504K, 0% used [0x00000000ed800000,0x00000000ed800000,0x00000000eed00000)
 ParOldGen       total 203264K, used 12602K [0x00000000a0000000, 0x00000000ac680000, 0x00000000e0000000)
  object space 203264K, 6% used [0x00000000a0000000,0x00000000a0c4ebb8,0x00000000ac680000)
 Metaspace       used 31968K, capacity 32484K, committed 32768K, reserved 1077248K
  class space    used 4408K, capacity 4586K, committed 4608K, reserved 1048576K
}
Event: 4.647 GC heap before
{Heap before GC invocations=5 (full 1):
 PSYoungGen      total 153088K, used 64225K [0x00000000e0000000, 0x00000000eed00000, 0x0000000100000000)
  eden space 131584K, 38% used [0x00000000e0000000,0x00000000e31fe538,0x00000000e8080000)
  from space 21504K, 60% used [0x00000000e8080000,0x00000000e8d3a1e8,0x00000000e9580000)
  to   space 21504K, 0% used [0x00000000ed800000,0x00000000ed800000,0x00000000eed00000)
 ParOldGen       total 203264K, used 12602K [0x00000000a0000000, 0x00000000ac680000, 0x00000000e0000000)
  object space 203264K, 6% used [0x00000000a0000000,0x00000000a0c4ebb8,0x00000000ac680000)
 Metaspace       used 34715K, capacity 35420K, committed 35496K, reserved 1079296K
  class space    used 4798K, capacity 5005K, committed 5032K, reserved 1048576K
Event: 4.656 GC heap after
Heap after GC invocations=5 (full 1):
 PSYoungGen      total 221184K, used 10605K [0x00000000e0000000, 0x00000000ef000000, 0x0000000100000000)
  eden space 199680K, 0% used [0x00000000e0000000,0x00000000e0000000,0x00000000ec300000)
  from space 21504K, 49% used [0x00000000ed800000,0x00000000ee25b510,0x00000000eed00000)
  to   space 21504K, 0% used [0x00000000ec300000,0x00000000ec300000,0x00000000ed800000)
 ParOldGen       total 203264K, used 12610K [0x00000000a0000000, 0x00000000ac680000, 0x00000000e0000000)
  object space 203264K, 6% used [0x00000000a0000000,0x00000000a0c50bb8,0x00000000ac680000)
 Metaspace       used 34715K, capacity 35420K, committed 35496K, reserved 1079296K
  class space    used 4798K, capacity 5005K, committed 5032K, reserved 1048576K
}
Event: 4.656 GC heap before
{Heap before GC invocations=6 (full 2):
 PSYoungGen      total 221184K, used 10605K [0x00000000e0000000, 0x00000000ef000000, 0x0000000100000000)
  eden space 199680K, 0% used [0x00000000e0000000,0x00000000e0000000,0x00000000ec300000)
  from space 21504K, 49% used [0x00000000ed800000,0x00000000ee25b510,0x00000000eed00000)
  to   space 21504K, 0% used [0x00000000ec300000,0x00000000ec300000,0x00000000ed800000)
 ParOldGen       total 203264K, used 12610K [0x00000000a0000000, 0x00000000ac680000, 0x00000000e0000000)
  object space 203264K, 6% used [0x00000000a0000000,0x00000000a0c50bb8,0x00000000ac680000)
 Metaspace       used 34715K, capacity 35420K, committed 35496K, reserved 1079296K
  class space    used 4798K, capacity 5005K, committed 5032K, reserved 1048576K
Event: 4.703 GC heap after
Heap after GC invocations=6 (full 2):
 PSYoungGen      total 221184K, used 0K [0x00000000e0000000, 0x00000000ef000000, 0x0000000100000000)
  eden space 199680K, 0% used [0x00000000e0000000,0x00000000e0000000,0x00000000ec300000)
  from space 21504K, 0% used [0x00000000ed800000,0x00000000ed800000,0x00000000eed00000)
  to   space 21504K, 0% used [0x00000000ec300000,0x00000000ec300000,0x00000000ed800000)
 ParOldGen       total 325632K, used 17635K [0x00000000a0000000, 0x00000000b3e00000, 0x00000000e0000000)
  object space 325632K, 5% used [0x00000000a0000000,0x00000000a1138dc8,0x00000000b3e00000)
 Metaspace       used 34691K, capacity 35342K, committed 35496K, reserved 1079296K
  class space    used 4791K, capacity 4992K, committed 5032K, reserved 1048576K
}
Event: 6.994 GC heap before
{Heap before GC invocations=7 (full 2):
 PSYoungGen      total 221184K, used 199680K [0x00000000e0000000, 0x00000000ef000000, 0x0000000100000000)
  eden space 199680K, 100% used [0x00000000e0000000,0x00000000ec300000,0x00000000ec300000)
  from space 21504K, 0% used [0x00000000ed800000,0x00000000ed800000,0x00000000eed00000)
  to   space 21504K, 0% used [0x00000000ec300000,0x00000000ec300000,0x00000000ed800000)
 ParOldGen       total 325632K, used 17635K [0x00000000a0000000, 0x00000000b3e00000, 0x00000000e0000000)
  object space 325632K, 5% used [0x00000000a0000000,0x00000000a1138dc8,0x00000000b3e00000)
 Metaspace       used 46852K, capacity 47906K, committed 48168K, reserved 1091584K
  class space    used 6357K, capacity 6622K, committed 6696K, reserved 1048576K
Event: 7.006 GC heap after
Heap after GC invocations=7 (full 2):
 PSYoungGen      total 221184K, used 17295K [0x00000000e0000000, 0x00000000f2980000, 0x0000000100000000)
  eden space 199680K, 0% used [0x00000000e0000000,0x00000000e0000000,0x00000000ec300000)
  from space 21504K, 80% used [0x00000000ec300000,0x00000000ed3e3de0,0x00000000ed800000)
  to   space 17408K, 0% used [0x00000000f1880000,0x00000000f1880000,0x00000000f2980000)
 ParOldGen       total 325632K, used 17643K [0x00000000a0000000, 0x00000000b3e00000, 0x00000000e0000000)
  object space 325632K, 5% used [0x00000000a0000000,0x00000000a113adc8,0x00000000b3e00000)
 Metaspace       used 46852K, capacity 47906K, committed 48168K, reserved 1091584K
  class space    used 6357K, capacity 6622K, committed 6696K, reserved 1048576K
}
Event: 9.084 GC heap before
{Heap before GC invocations=8 (full 2):
 PSYoungGen      total 221184K, used 202987K [0x00000000e0000000, 0x00000000f2980000, 0x0000000100000000)
  eden space 199680K, 92% used [0x00000000e0000000,0x00000000eb556f30,0x00000000ec300000)
  from space 21504K, 80% used [0x00000000ec300000,0x00000000ed3e3de0,0x00000000ed800000)
  to   space 17408K, 0% used [0x00000000f1880000,0x00000000f1880000,0x00000000f2980000)
 ParOldGen       total 325632K, used 17643K [0x00000000a0000000, 0x00000000b3e00000, 0x00000000e0000000)
  object space 325632K, 5% used [0x00000000a0000000,0x00000000a113adc8,0x00000000b3e00000)
 Metaspace       used 57619K, capacity 59086K, committed 59160K, reserved 1099776K
  class space    used 7785K, capacity 8184K, committed 8232K, reserved 1048576K
Event: 9.101 GC heap after
Heap after GC invocations=8 (full 2):
 PSYoungGen      total 282624K, used 17407K [0x00000000e0000000, 0x00000000f3080000, 0x0000000100000000)
  eden space 265216K, 0% used [0x00000000e0000000,0x00000000e0000000,0x00000000f0300000)
  from space 17408K, 99% used [0x00000000f1880000,0x00000000f297fe78,0x00000000f2980000)
  to   space 22016K, 0% used [0x00000000f0300000,0x00000000f0300000,0x00000000f1880000)
 ParOldGen       total 325632K, used 22850K [0x00000000a0000000, 0x00000000b3e00000, 0x00000000e0000000)
  object space 325632K, 7% used [0x00000000a0000000,0x00000000a1650b70,0x00000000b3e00000)
 Metaspace       used 57619K, capacity 59086K, committed 59160K, reserved 1099776K
  class space    used 7785K, capacity 8184K, committed 8232K, reserved 1048576K
}
Event: 9.101 GC heap before
{Heap before GC invocations=9 (full 3):
 PSYoungGen      total 282624K, used 17407K [0x00000000e0000000, 0x00000000f3080000, 0x0000000100000000)
  eden space 265216K, 0% used [0x00000000e0000000,0x00000000e0000000,0x00000000f0300000)
  from space 17408K, 99% used [0x00000000f1880000,0x00000000f297fe78,0x00000000f2980000)
  to   space 22016K, 0% used [0x00000000f0300000,0x00000000f0300000,0x00000000f1880000)
 ParOldGen       total 325632K, used 22850K [0x00000000a0000000, 0x00000000b3e00000, 0x00000000e0000000)
  object space 325632K, 7% used [0x00000000a0000000,0x00000000a1650b70,0x00000000b3e00000)
 Metaspace       used 57619K, capacity 59086K, committed 59160K, reserved 1099776K
  class space    used 7785K, capacity 8184K, committed 8232K, reserved 1048576K

Deoptimization events (10 events):
Event: 8.239 Thread 0x000000001ab4a000 Uncommon trap: reason=unstable_if action=reinterpret pc=0x00000000031c4e34 method=com.sun.org.apache.xerces.internal.impl.XMLEntityScanner.checkBeforeLoad(Lcom/sun/xml/internal/stream/Entity$ScannedEntity;II)I @ 18
Event: 8.440 Thread 0x000000001ab4a000 Uncommon trap: reason=class_check action=maybe_recompile pc=0x0000000003b2a790 method=java.util.Collections$SynchronizedCollection.add(Ljava/lang/Object;)Z @ 12
Event: 8.520 Thread 0x000000001ab4a000 Uncommon trap: reason=unstable_if action=reinterpret pc=0x00000000035308a4 method=java.lang.String.lastIndexOf([CII[CIII)I @ 17
Event: 8.601 Thread 0x000000001ab4a000 Uncommon trap: reason=unstable_if action=reinterpret pc=0x0000000003ae0d64 method=java.util.concurrent.ConcurrentHashMap.putVal(Ljava/lang/Object;Ljava/lang/Object;Z)Ljava/lang/Object; @ 195
Event: 8.627 Thread 0x000000001ab4a000 Uncommon trap: reason=unstable_if action=reinterpret pc=0x0000000003efaac8 method=kotlin.reflect.jvm.internal.impl.protobuf.CodedInputStream.readRawVarint32()I @ 10
Event: 8.906 Thread 0x000000001ab4a000 Uncommon trap: reason=unstable_if action=reinterpret pc=0x0000000003f81894 method=org.gradle.internal.reflect.PropertyAccessorType.of(Ljava/lang/reflect/Method;)Lorg/gradle/internal/reflect/PropertyAccessorType; @ 4
Event: 8.935 Thread 0x000000001ab4a000 Uncommon trap: reason=class_check action=maybe_recompile pc=0x0000000003806180 method=java.lang.Throwable.<init>(Ljava/lang/String;Ljava/lang/Throwable;)V @ 24
Event: 8.936 Thread 0x000000001ab4a000 Uncommon trap: reason=unstable_if action=reinterpret pc=0x00000000033b0bdc method=org.gradle.internal.logging.text.AbstractLineChoppingStyledTextOutput$2.execute(Lorg/gradle/internal/logging/text/AbstractLineChoppingStyledTextOutput$StateContext;)V @ 30
Event: 8.937 Thread 0x000000001ab4a000 Uncommon trap: reason=unstable_if action=reinterpret pc=0x00000000033790cc method=org.gradle.internal.logging.text.AbstractLineChoppingStyledTextOutput$2.execute(Lorg/gradle/internal/logging/text/AbstractLineChoppingStyledTextOutput$StateContext;)V @ 30
Event: 9.020 Thread 0x000000001ab4a000 Uncommon trap: reason=unstable_if action=reinterpret pc=0x00000000039b9054 method=java.io.WinNTFileSystem.normalize(Ljava/lang/String;)Ljava/lang/String; @ 74

Classes redefined (0 events):
No events

Internal exceptions (10 events):
Event: 8.998 Thread 0x000000001ab4a000 Exception <a 'java/lang/ClassNotFoundException': com/android/build/gradle/tasks/MergeResourcesCustomizer> (0x00000000eabc4f70) thrown at [D:\src\AOSP-openjdk-cygwin\jdk8u\hotspot\src\share\vm\classfile\systemDictionary.cpp, line 210]
Event: 8.999 Thread 0x000000001ab4a000 Exception <a 'java/lang/ClassNotFoundException': com/android/build/gradle/tasks/MergeResources_DecoratedCustomizer> (0x00000000eac249a0) thrown at [D:\src\AOSP-openjdk-cygwin\jdk8u\hotspot\src\share\vm\classfile\systemDictionary.cpp, line 210]
Event: 9.040 Thread 0x000000001ab4a000 Exception <a 'java/lang/ClassNotFoundException': com/google/android/gms/dependencies/DependencyAnalyzerBeanInfo> (0x00000000eaf5e418) thrown at [D:\src\AOSP-openjdk-cygwin\jdk8u\hotspot\src\share\vm\classfile\systemDictionary.cpp, line 210]
Event: 9.041 Thread 0x000000001ab4a000 Exception <a 'java/lang/ClassNotFoundException': com/google/android/gms/dependencies/DependencyAnalyzerCustomizer> (0x00000000eaf78b78) thrown at [D:\src\AOSP-openjdk-cygwin\jdk8u\hotspot\src\share\vm\classfile\systemDictionary.cpp, line 210]
Event: 9.048 Thread 0x000000001ab4a000 Exception <a 'java/lang/ClassNotFoundException': com/google/android/gms/dependencies/DependencyInspectorBeanInfo> (0x00000000eb019560) thrown at [D:\src\AOSP-openjdk-cygwin\jdk8u\hotspot\src\share\vm\classfile\systemDictionary.cpp, line 210]
Event: 9.049 Thread 0x000000001ab4a000 Exception <a 'java/lang/ClassNotFoundException': com/google/android/gms/dependencies/DependencyInspectorCustomizer> (0x00000000eb033d50) thrown at [D:\src\AOSP-openjdk-cygwin\jdk8u\hotspot\src\share\vm\classfile\systemDictionary.cpp, line 210]
Event: 9.050 Thread 0x000000001ab4a000 Exception <a 'java/lang/ClassNotFoundException': org/gradle/invocation/DefaultGradle_DecoratedBeanInfo> (0x00000000eb098480) thrown at [D:\src\AOSP-openjdk-cygwin\jdk8u\hotspot\src\share\vm\classfile\systemDictionary.cpp, line 210]
Event: 9.051 Thread 0x000000001ab4a000 Exception <a 'java/lang/ClassNotFoundException': org/gradle/invocation/DefaultGradleBeanInfo> (0x00000000eb0ac658) thrown at [D:\src\AOSP-openjdk-cygwin\jdk8u\hotspot\src\share\vm\classfile\systemDictionary.cpp, line 210]
Event: 9.051 Thread 0x000000001ab4a000 Exception <a 'java/lang/ClassNotFoundException': org/gradle/invocation/DefaultGradleCustomizer> (0x00000000eb0c0d80) thrown at [D:\src\AOSP-openjdk-cygwin\jdk8u\hotspot\src\share\vm\classfile\systemDictionary.cpp, line 210]
Event: 9.052 Thread 0x000000001ab4a000 Exception <a 'java/lang/ClassNotFoundException': org/gradle/invocation/DefaultGradle_DecoratedCustomizer> (0x00000000eb11c3a0) thrown at [D:\src\AOSP-openjdk-cygwin\jdk8u\hotspot\src\share\vm\classfile\systemDictionary.cpp, line 210]

Events (10 events):
Event: 9.081 loading class org/gradle/internal/taskgraph/CalculateTaskGraphBuildOperationType$Details done
Event: 9.082 loading class org/gradle/execution/DefaultBuildConfigurationActionExecuter$1
Event: 9.082 loading class org/gradle/execution/DefaultBuildConfigurationActionExecuter$1 done
Event: 9.082 loading class org/gradle/execution/DefaultBuildConfigurationActionExecuter$2
Event: 9.082 loading class org/gradle/execution/DefaultBuildConfigurationActionExecuter$2 done
Event: 9.083 loading class org/gradle/util/NameMatcher
Event: 9.083 loading class org/gradle/util/NameMatcher done
Event: 9.083 loading class org/gradle/execution/taskpath/ResolvedTaskPath
Event: 9.083 loading class org/gradle/execution/taskpath/ResolvedTaskPath done
Event: 9.084 Executing VM operation: CollectForMetadataAllocation


Dynamic libraries:
0x00007ff6ff040000 - 0x00007ff6ff071000 	C:\Program Files\Android\Android Studio\jre\bin\java.exe
0x00007ff8ae0d0000 - 0x00007ff8ae2b1000 	C:\WINDOWS\SYSTEM32\ntdll.dll
0x00007ff881fb0000 - 0x00007ff881fc2000 	C:\Program Files\AVAST Software\Avast\aswhook.dll
0x00007ff8adeb0000 - 0x00007ff8adf61000 	C:\WINDOWS\System32\KERNEL32.DLL
0x00007ff8aa680000 - 0x00007ff8aa8f3000 	C:\WINDOWS\System32\KERNELBASE.dll
0x00007ff8ab8d0000 - 0x00007ff8ab971000 	C:\WINDOWS\System32\ADVAPI32.dll
0x00007ff8ace50000 - 0x00007ff8aceee000 	C:\WINDOWS\System32\msvcrt.dll
0x00007ff8acde0000 - 0x00007ff8ace3b000 	C:\WINDOWS\System32\sechost.dll
0x00007ff8adb70000 - 0x00007ff8adc94000 	C:\WINDOWS\System32\RPCRT4.dll
0x00007ff8adca0000 - 0x00007ff8ade30000 	C:\WINDOWS\System32\USER32.dll
0x00007ff8aaaa0000 - 0x00007ff8aaac0000 	C:\WINDOWS\System32\win32u.dll
0x00007ff8ad600000 - 0x00007ff8ad628000 	C:\WINDOWS\System32\GDI32.dll
0x00007ff8aa900000 - 0x00007ff8aaa91000 	C:\WINDOWS\System32\gdi32full.dll
0x00007ff8aaac0000 - 0x00007ff8aab5f000 	C:\WINDOWS\System32\msvcp_win.dll
0x00007ff8aa500000 - 0x00007ff8aa5f8000 	C:\WINDOWS\System32\ucrtbase.dll
0x00007ff89e510000 - 0x00007ff89e779000 	C:\WINDOWS\WinSxS\amd64_microsoft.windows.common-controls_6595b64144ccf1df_6.0.17134.885_none_fb42a3473065565f\COMCTL32.dll
0x00007ff8ad840000 - 0x00007ff8adb62000 	C:\WINDOWS\System32\combase.dll
0x00007ff8aa600000 - 0x00007ff8aa679000 	C:\WINDOWS\System32\bcryptPrimitives.dll
0x00007ff8ad540000 - 0x00007ff8ad56d000 	C:\WINDOWS\System32\IMM32.DLL
0x000000006ebe0000 - 0x000000006ecb2000 	C:\Program Files\Android\Android Studio\jre\jre\bin\msvcr100.dll
0x000000006ece0000 - 0x000000006f521000 	C:\Program Files\Android\Android Studio\jre\jre\bin\server\jvm.dll
0x00007ff8ab990000 - 0x00007ff8ab998000 	C:\WINDOWS\System32\PSAPI.DLL
0x00007ff89e2e0000 - 0x00007ff89e2e9000 	C:\WINDOWS\SYSTEM32\WSOCK32.dll
0x00007ff8ad570000 - 0x00007ff8ad5dc000 	C:\WINDOWS\System32\WS2_32.dll
0x00007ff8a2a60000 - 0x00007ff8a2a83000 	C:\WINDOWS\SYSTEM32\WINMM.dll
0x00007ff8a27d0000 - 0x00007ff8a27da000 	C:\WINDOWS\SYSTEM32\VERSION.dll
0x00007ff8a2a30000 - 0x00007ff8a2a5a000 	C:\WINDOWS\SYSTEM32\WINMMBASE.dll
0x00007ff8ab510000 - 0x00007ff8ab559000 	C:\WINDOWS\System32\cfgmgr32.dll
0x00007ff8a4450000 - 0x00007ff8a445f000 	C:\Program Files\Android\Android Studio\jre\jre\bin\verify.dll
0x00007ff88d380000 - 0x00007ff88d3a9000 	C:\Program Files\Android\Android Studio\jre\jre\bin\java.dll
0x00007ff8a1040000 - 0x00007ff8a1056000 	C:\Program Files\Android\Android Studio\jre\jre\bin\zip.dll
0x00007ff8ab9a0000 - 0x00007ff8acde0000 	C:\WINDOWS\System32\SHELL32.dll
0x00007ff8ad630000 - 0x00007ff8ad6d9000 	C:\WINDOWS\System32\shcore.dll
0x00007ff8aae00000 - 0x00007ff8ab50d000 	C:\WINDOWS\System32\windows.storage.dll
0x00007ff8ae040000 - 0x00007ff8ae091000 	C:\WINDOWS\System32\shlwapi.dll
0x00007ff8aa450000 - 0x00007ff8aa461000 	C:\WINDOWS\System32\kernel.appcore.dll
0x00007ff8aa3e0000 - 0x00007ff8aa3ff000 	C:\WINDOWS\System32\profapi.dll
0x00007ff8aa400000 - 0x00007ff8aa44c000 	C:\WINDOWS\System32\powrprof.dll
0x00007ff8aa490000 - 0x00007ff8aa49a000 	C:\WINDOWS\System32\FLTLIB.DLL
0x00007ff8a0330000 - 0x00007ff8a034a000 	C:\Program Files\Android\Android Studio\jre\jre\bin\net.dll
0x00007ff8a9900000 - 0x00007ff8a9966000 	C:\WINDOWS\system32\mswsock.dll
0x00007ff89b010000 - 0x00007ff89b021000 	C:\Program Files\Android\Android Studio\jre\jre\bin\nio.dll
0x00007ff8a61d0000 - 0x00007ff8a61ee000 	C:\Users\Oracle\.gradle\native\25\windows-amd64\native-platform.dll
0x00007ff8a3e00000 - 0x00007ff8a3e0d000 	C:\Program Files\Android\Android Studio\jre\jre\bin\management.dll
0x00007ff8aa100000 - 0x00007ff8aa117000 	C:\WINDOWS\SYSTEM32\CRYPTSP.dll
0x00007ff8a94f0000 - 0x00007ff8a9523000 	C:\WINDOWS\system32\rsaenh.dll
0x00007ff8a9e90000 - 0x00007ff8a9eb5000 	C:\WINDOWS\SYSTEM32\bcrypt.dll
0x00007ff8aa310000 - 0x00007ff8aa338000 	C:\WINDOWS\SYSTEM32\USERENV.dll
0x00007ff8a9ab0000 - 0x00007ff8a9abb000 	C:\WINDOWS\SYSTEM32\CRYPTBASE.dll
0x00007ff8a9690000 - 0x00007ff8a96c8000 	C:\WINDOWS\SYSTEM32\IPHLPAPI.DLL
0x00007ff8ab980000 - 0x00007ff8ab988000 	C:\WINDOWS\System32\NSI.dll
0x00007ff8a22e0000 - 0x00007ff8a22f6000 	C:\WINDOWS\SYSTEM32\dhcpcsvc6.DLL
0x00007ff8a2030000 - 0x00007ff8a204a000 	C:\WINDOWS\SYSTEM32\dhcpcsvc.DLL
0x00007ff8a9f30000 - 0x00007ff8aa0f9000 	C:\WINDOWS\SYSTEM32\dbghelp.dll

VM Arguments:
jvm_args: -Xmx1536m -Dfile.encoding=windows-1252 -Duser.country=GB -Duser.language=en -Duser.variant 
java_command: org.gradle.launcher.daemon.bootstrap.GradleDaemon 5.1.1
java_class_path (initial): C:\Users\Oracle\.gradle\wrapper\dists\gradle-5.1.1-all\97z1ksx6lirer3kbvdnh7jtjg\gradle-5.1.1\lib\gradle-launcher-5.1.1.jar
Launcher Type: SUN_STANDARD

Environment Variables:
JAVA_HOME=C:\Program Files (x86)\Java\jdk1.8.0_111
PATH=C:\Program Files (x86)\Razer Chroma SDK\bin;C:\Program Files\Razer Chroma SDK\bin;C:\ProgramData\Oracle\Java\javapath;C:\Program Files (x86)\Intel\iCLS Client\;C:\Program Files\Intel\iCLS Client\;C:\Windows\system32;C:\Windows;C:\Windows\System32\Wbem;C:\Windows\System32\WindowsPowerShell\v1.0\;C:\Program Files (x86)\Intel\Intel(R) Management Engine Components\DAL;C:\Program Files\Intel\Intel(R) Management Engine Components\DAL;C:\Program Files (x86)\Intel\Intel(R) Management Engine Components\IPT;C:\Program Files\Intel\Intel(R) Management Engine Components\IPT;C:\Users\Oracle\Documents\gradle-3.2\bin;C:\Program Files (x86)\Brackets\command;C:\WINDOWS\system32;C:\WINDOWS;C:\WINDOWS\System32\Wbem;C:\WINDOWS\System32\WindowsPowerShell\v1.0\;C:\Program Files (x86)\Java\jdk1.8.0_111\bin;C:\Program Files\MySQL\MySQL Utilities 1.6\;C:\Program Files (x86)\NVIDIA Corporation\PhysX\Common;C:\Program Files (x86)\Skype\Phone\;C:\Program Files\PuTTY\;C:\Program Files\Java\Java3D\1.5.2\bin;C:\Users\Oracle\AppData\Local\Microsoft\WindowsApps;C:\Program Files (x86)\Java\jdk1.8.0_111;C:\Program Files\TortoiseSVN\bin;C:\WINDOWS\system32;C:\WINDOWS;C:\WINDOWS\System32\Wbem;C:\WINDOWS\System32\WindowsPowerShell\v1.0\;C:\WINDOWS\System32\OpenSSH\;C:\Program Files\Intel\WiFi\bin\;C:\Program Files\Common Files\Intel\WirelessCommon\;C:\Program Files\NVIDIA Corporation\NVIDIA NvDLISR;C:\Users\Oracle\AppData\Local\Microsoft\WindowsApps;C:\Program Files (x86)\Java\jdk1.8.0_111
USERNAME=Oracle
OS=Windows_NT
PROCESSOR_IDENTIFIER=Intel64 Family 6 Model 94 Stepping 3, GenuineIntel



---------------  S Y S T E M  ---------------

OS: Windows 10.0 , 64 bit Build 17134 (10.0.17134.753)

CPU:total 8 (initial active 8) (4 cores per cpu, 2 threads per core) family 6 model 94 stepping 3, cmov, cx8, fxsr, mmx, sse, sse2, sse3, ssse3, sse4.1, sse4.2, popcnt, avx, avx2, aes, clmul, erms, rtm, 3dnowpref, lzcnt, ht, tsc, tscinvbit, bmi1, bmi2, adx

Memory: 4k page, physical 33488680k(20542648k free), swap 38469416k(22350964k free)

vm_info: OpenJDK 64-Bit Server VM (25.152-b01) for windows-amd64 JRE (1.8.0_152-release-1343-b01), built by "builder" with MS VC++ 10.0 (VS2010)

time: Tue Jul 16 20:07:03 2019
elapsed time: 9 seconds (0d 0h 0m 9s)

